Commande xfcm_ch
Commande xfcm_ch
Commande xfcm_ch
Commande xfcm_ch
Commande xfcm_ch
Commande xfcm_ch
Commande xfcm_ch
Commande xfcm_ch
Commande xfcm_ch
Commande xfcm_ch
Commande xfcm_ch
Commande xfcm_ch
Commande xfcm_ch
Commande xfcm_ch
Commande xfcm_ch
Commande xfcm_ch
Commande xfcm_ch
Commande xfcm_ch
Commande xfcm_ch
Commande xfcm_ch
Commande xfcm_ch
Commande xfcm_ch
Commande xfcm_ch
Commande xfcm_ch
Commande xfcm_ch
Commande xfcm_ch
Commande xfcm_ch
Commande xfcm_ch
Commande xfcm_ch
Commande xfcm_ch
Commande xfcm_ch
Commande xfcm_ch
Commande xfcm_ch
Commande xfcm_ch
Commande xfcm_ch
Commande xfcm_ch
Commande xfcm_ch
Commande xfcm_ch
Commande xfcm_ch
Commande xfcm_ch
Commande xfcm_ch
Commande xfcm_ch
Commande xfcm_ch
Commande xfcm_ch
Commande xfcm_ch
Commande xfcm_ch
Commande xfcm_ch
Commande xfcm_ch
Commande xfcm_mode
Commande xfcm_save
Commande xfsave
Commande xfcm_msg
Commande xfcm_msg
Commande xfsave
Commande ?
Commande TOP
Commande xfcm_mode
Commande xfcm_ch
xfcm_ch1:202
Commande xfcm_ch
Commande xfcm_ch
Commande xfcm_ch
Commande xfcm_ch
xfcm_ch1:202
xfcm_ch1:202
xfcm_ch1:202
xfcm_ch1:202
xfcm_ch1:202
xfcm_ch1:202
xfcm_ch1:202
xfcm_ch1:202
xfcm_ch1:202
xfcm_ch1:202
xfcm_ch1:202
xfcm_ch1:202
xfcm_ch1:202
xfcm_ch1:202
xfcm_ch1:202
xfcm_ch1:202
xfcm_ch1:202
xfcm_ch1:202
xfcm_ch1:202
xfcm_ch1:202
xfcm_ch1:202
xfcm_ch1:202
xfcm_ch1:202
xfcm_ch1:202
xfcm_ch1:202
xfcm_ch1:202
xfcm_ch1:202
xfcm_ch1:202
xfcm_ch1:202
xfcm_ch1:202
xfcm_ch1:202
xfcm_ch1:202
xfcm_ch1:202
xfcm_ch1:202
xfcm_ch1:202
xfcm_ch1:202
xfcm_ch1:202
Commande xfcm_ch
Commande xfcm_ch
Commande xfcm_ch
Commande xfcm_ch
Commande xfcm_ch
Commande xfcm_ch
Commande xfcm_ch
Commande xfcm_ch
Commande xfcm_ch
Commande xfcm_ch
Commande xfcm_ch
Commande xfcm_ch
Commande xfcm_ch
Commande xfcm_ch
Commande xfcm_ch
Commande xfcm_ch
Commande xfcm_ch
Commande xfcm_ch
Commande xfcm_ch
Commande xfcm_ch
Commande xfcm_ch
Commande xfcm_ch
Commande xfcm_ch
Commande xfcm_ch
Commande xfcm_ch
Commande xfcm_ch
Commande xfcm_ch
Commande xfcm_ch
Commande xfcm_ch
Commande xfcm_ch
Commande xfcm_ch
Commande xfcm_ch
Commande xfcm_ch
Commande xfcm_ch
Commande xfcm_ch
Commande xfcm_ch
Commande xfcm_ch
Commande xfcm_ch
Commande xfcm_ch
Commande xfcm_ch
Commande xfcm_ch
Commande xfcm_ch
Commande xfcm_ch
Commande xfcm_ch
Commande xfcm_ch
Commande xfcm_ch
Commande xfcm_ch
Commande xfcm_ch
Commande xfcm_ch
Commande xfcm_ch
Commande xfcm_mode
Commande xfcm_save
Commande xfsave
Commande xfcm_msg
Commande xfcm_msg
Commande xfsave
Commande ?
Commande TOP
Commande xfcm_mode
Commande xfcm_ch
xfcm_ch1:202
Commande xfcm_ch
Commande xfcm_ch
Commande xfcm_ch
Commande xfcm_ch
xfcm_ch1:202
xfcm_ch1:202
xfcm_ch1:202
xfcm_ch1:202
xfcm_ch1:202
xfcm_ch1:202
xfcm_ch1:202
xfcm_ch1:202
xfcm_ch1:202
xfcm_ch1:202
xfcm_ch1:202
xfcm_ch1:202
xfcm_ch1:202
xfcm_ch1:202
xfcm_ch1:202
xfcm_ch1:202
xfcm_ch1:202
xfcm_ch1:202
xfcm_ch1:202
xfcm_ch1:202
xfcm_ch1:202
xfcm_ch1:202
xfcm_ch1:202
xfcm_ch1:202
xfcm_ch1:202
xfcm_ch1:202
xfcm_ch1:202
xfcm_ch1:202
xfcm_ch1:202
xfcm_ch1:202
xfcm_ch1:202
xfcm_ch1:202
xfcm_ch1:202
xfcm_ch1:202
xfcm_ch1:202
xfcm_ch1:202
xfcm_ch1:202
Commande xfcm_ch
Commande xfcm_ch
Commande xfcm_ch
Commande xfcm_ch
Commande xfcm_ch
Commande xfcm_ch
Commande xfcm_ch
Commande xfcm_ch
Commande xfcm_ch
Commande xfcm_ch
Commande xfcm_ch
Commande xfcm_ch
Commande xfcm_ch
Commande xfcm_ch
Commande xfcm_ch
Commande xfcm_ch
Commande xfcm_ch
Commande xfcm_ch
Commande xfcm_ch
Commande xfcm_ch
Commande xfcm_ch
Commande xfcm_ch
Commande xfcm_ch
Commande xfcm_ch
Commande xfcm_ch
Commande xfcm_ch
Commande xfcm_ch
Commande xfcm_ch
Commande xfcm_ch
Commande xfcm_ch
Commande xfcm_ch
Commande xfcm_ch
Commande xfcm_ch
Commande xfcm_ch
Commande xfcm_ch
Commande xfcm_ch
Commande xfcm_ch
Commande xfcm_ch
Commande xfcm_ch
Commande xfcm_ch
Commande xfcm_ch
Commande xfcm_ch
Commande xfcm_ch
Commande xfcm_ch
Commande xfcm_ch
Commande xfcm_ch
Commande xfcm_ch
Commande xfcm_ch
Commande xfcm_ch
Commande xfcm_ch
Commande xfcm_mode
Commande xfcm_save
Commande xfsave
Commande xfcm_msg
Commande xfcm_msg
Commande down
Commande down
Commande down
Commande down
Commande down
Commande down
Commande down
Commande down
Commande down
Commande down
Commande down
Commande down
Commande down
Commande down
Commande down
Commande down
Commande down
Commande down
Commande down
Commande down
Commande down
Commande down
Commande down
Commande down
Commande down
Commande down
Commande down
Commande down
Commande down
Commande down
Commande down
Commande down
Commande down
Commande down
Commande down
Commande down
Commande down
Commande down
Commande down
Commande down
Commande down
Commande down
Commande down
Commande down
Commande down
Commande down
Commande down
Commande down
Commande down
Commande down
Commande down
Commande down
Commande down
Commande down
Commande down
Commande down
Commande down
Commande down
Commande down
Commande down
Commande down
Commande down
Commande down
Commande down
Commande down
Commande down
Commande down
Commande down
Commande down
Commande down
Commande down
Commande down
Commande down
Commande down
Commande down
Commande down
Commande down
Commande down
Commande down
Commande down
Commande down
Commande down
Commande down
Commande down
Commande down
Commande down
Commande down
Commande down
Commande down
Commande down
Commande down
Commande down
Commande down
Commande down
Commande down
Commande down
Commande down
Commande down
Commande down
Commande down
Commande down
Commande down
Commande down
Commande down
Commande down
Commande down
Commande down
Commande down
Commande backward
Commande backward
Commande backward
Commande backward
Commande backward
Commande backward
Commande backward
Commande forward
Commande forward
Commande down
Commande down
Commande down
Commande down
Commande down
Commande down
Commande down
Commande down
Commande down
Commande down
Commande down
Commande down
Commande down
Commande down
Commande down
Commande down
Commande down
Commande down
Commande down
Commande down
Commande xfsave
Commande ?
Commande TOP
Commande xfcm_mode
Commande xfcm_ch
xfcm_ch1:202
Commande xfcm_ch
Commande xfcm_ch
Commande xfcm_ch
Commande xfcm_ch
xfcm_ch1:202
xfcm_ch1:202
xfcm_ch1:202
xfcm_ch1:202
xfcm_ch1:202
xfcm_ch1:202
xfcm_ch1:202
xfcm_ch1:202
xfcm_ch1:202
xfcm_ch1:202
xfcm_ch1:202
xfcm_ch1:202
xfcm_ch1:202
xfcm_ch1:202
xfcm_ch1:202
xfcm_ch1:202
xfcm_ch1:202
xfcm_ch1:202
xfcm_ch1:202
xfcm_ch1:202
xfcm_ch1:202
xfcm_ch1:202
xfcm_ch1:202
xfcm_ch1:202
xfcm_ch1:202
xfcm_ch1:202
xfcm_ch1:202
xfcm_ch1:202
xfcm_ch1:202
xfcm_ch1:202
xfcm_ch1:202
xfcm_ch1:202
xfcm_ch1:202
xfcm_ch1:202
xfcm_ch1:202
xfcm_ch1:202
xfcm_ch1:202
Commande xfcm_ch
Commande xfcm_ch
Commande xfcm_ch
Commande xfcm_ch
Commande xfcm_ch
Commande xfcm_ch
Commande xfcm_ch
Commande xfcm_ch
Commande xfcm_ch
Commande xfcm_ch
Commande xfcm_ch
Commande xfcm_ch
Commande xfcm_ch
Commande xfcm_ch
Commande xfcm_ch
Commande xfcm_ch
Commande xfcm_ch
Commande xfcm_ch
Commande xfcm_ch
Commande xfcm_ch
Commande xfcm_ch
Commande xfcm_ch
Commande xfcm_ch
Commande xfcm_ch
Commande xfcm_ch
Commande xfcm_ch
Commande xfcm_ch
Commande xfcm_ch
Commande xfcm_ch
Commande xfcm_ch
Commande xfcm_ch
Commande xfcm_ch
Commande xfcm_ch
Commande xfcm_ch
Commande xfcm_ch
Commande xfcm_ch
Commande xfcm_ch
Commande xfcm_ch
Commande xfcm_ch
Commande xfcm_ch
Commande xfcm_ch
Commande xfcm_ch
Commande xfcm_ch
Commande xfcm_ch
Commande xfcm_ch
Commande xfcm_ch
Commande xfcm_ch
Commande xfcm_ch
Commande xfcm_ch
Commande xfcm_ch
Commande xfcm_mode
Commande xfcm_save
Commande xfsave
Commande xfcm_msg
Commande xfcm_msg
Commande backward
Commande backward
Commande backward
SEDIT: signal 11
